<?xml version="1.0" encoding="UTF-8"?>
<!-- Generated by org.testng.reporters.JUnitReportReporter -->
<testsuite hostname="LAPTOP-E68UDU61" failures="0" tests="5" name="selenium.NewTest" time="0.015" errors="0" timestamp="17 Jun 2020 10:48:05 GMT" skipped="0">
  <testcase classname="selenium.NewTest" name="f2" time="0.004"/>
  <testcase classname="selenium.NewTest" name="f3" time="0.006"/>
  <testcase classname="selenium.NewTest" name="f1" time="0.001"/>
  <testcase classname="selenium.NewTest" name="f" time="0.002"/>
  <testcase classname="selenium.NewTest" name="f" time="0.002"/>
</testsuite> <!-- selenium.NewTest -->
