<?xml version="1.0" encoding="UTF-8"?>
<!-- Generated by org.testng.reporters.JUnitReportReporter -->
<testsuite hostname="LAPTOP-E68UDU61" failures="0" tests="4" name="selenium.Remya" time="0.928" errors="0" timestamp="17 Jun 2020 11:39:32 GMT" skipped="0">
  <testcase classname="selenium.Remya" name="fileReadandWrite" time="0.912"/>
  <testcase classname="selenium.Remya" name="parametirization" time="0.011"/>
  <testcase classname="selenium.Remya" name="f" time="0.003"/>
  <testcase classname="selenium.Remya" name="f" time="0.002"/>
</testsuite> <!-- selenium.Remya -->
